<?xml version="1.0" encoding="UTF-8"?>
<!-- Generated by org.testng.reporters.JUnitReportReporter -->
<testsuite hostname="DESKTOP-KIT0R33" failures="0" tests="2" name="Assignment1.Goibibo.GoibiboE2E" time="84.926" errors="0" timestamp="2021-06-14T18:07:38 IST" skipped="0">
  <testcase classname="Assignment1.Goibibo.GoibiboE2E" name="ticketBooking" time="41.080"/>
  <system-out/>
  <testcase classname="Assignment1.Goibibo.GoibiboE2E" name="ticketBooking" time="43.846"/>
  <system-out/>
</testsuite> <!-- Assignment1.Goibibo.GoibiboE2E -->
