<?xml version="1.0" encoding="UTF-8"?>
<!-- Generated by org.testng.reporters.JUnitReportReporter -->
<testsuite hostname="Sudhansu" failures="0" tests="2" name="Assignment1.Goibibo.GoibiboE2E" time="103.193" errors="0" timestamp="2021-06-16T15:10:46 IST" skipped="0">
  <testcase classname="Assignment1.Goibibo.GoibiboE2E" name="ticketBooking" time="45.683"/>
  <system-out/>
  <testcase classname="Assignment1.Goibibo.GoibiboE2E" name="ticketBooking" time="57.510"/>
  <system-out/>
</testsuite> <!-- Assignment1.Goibibo.GoibiboE2E -->
